chemical potentials stabilizing multiphase equilibria
ground state indices , structure labels : chemical potentials
0 1 2  , 2 22 123 : -0.181311 -0.0099245 -0.554476 
1 2 3  , 22 123 85 : -0.1466 -0.0272801 -0.50241 
3 2 4  , 85 123 82 : -0.0784481 -0.0954321 -0.297954 
4 2 5  , 82 123 24 : -0.143373 -0.160357 -0.103179 
5 4 6  , 24 82 19 : -0.00944076 -0.249645 -0.0585348 
6 4 7  , 19 82 1 : -0.00167064 -0.249645 -0.0663049 
7 4 8  , 1 82 21 : -0.00167064 -0.213801 -0.137994 
8 4 3  , 21 82 85 : -0.0432617 -0.130619 -0.262767 
7 6 5  , 1 19 24 : -0.00167064 -0.265185 -0.0507647 
7 5 9  , 1 24 16 : -0.00167064 -0.320125 -0.0232948 
9 5 10  , 16 24 0 : -0.0412787 -0.359733 -0.00349073 
chemical potentials stabilizing each ground state
ground state index , structure label : chemical potentials
0 , 2 : -0.181311 -0.0099245 -0.554476 
1 , 22 : -0.163956 -0.0186023 -0.528443 
2 , 123 : -0.137433 -0.0732484 -0.364505 
3 , 85 : -0.0894366 -0.0844436 -0.354377 
4 , 82 : -0.0463108 -0.18325 -0.154456 
5 , 24 : -0.0394868 -0.271009 -0.0478528 
6 , 19 : -0.00426068 -0.254825 -0.0585348 
7 , 1 : -0.00167064 -0.262189 -0.0695896 
8 , 21 : -0.0224661 -0.17221 -0.200381 
9 , 16 : -0.0214747 -0.339929 -0.0133928 
10 , 0 : -0.0412787 -0.359733 -0.00349073 
