0.000000 -0.000000 1.000000 0.000000 -0.003491 0.003491 2.000000 0
1.000000 0.000000 0.000000 0.000000 -0.001671 0.001671 2.000000 1
0.000000 1.000000 -0.000000 0.000000 -0.009925 0.009925 1.000000 2
0.500000 0.500000 -0.000000 -0.055530 -0.032480 -0.023049 1.000000 5
0.500000 0.000000 0.500000 0.011081 0.012809 -0.001728 1.000000 6
0.000000 0.333333 0.666667 -0.058470 -0.054128 -0.004342 1.000000 10
0.666667 0.000000 0.333333 -0.009704 -0.005034 -0.004669 2.000000 11
0.333333 0.333333 0.333333 -0.038283 -0.037609 -0.000673 1.000000 12
0.666667 0.333333 0.000000 -0.009340 -0.018334 0.008994 1.000000 14
0.333333 -0.000000 0.666667 -0.019296 -0.016087 -0.003210 2.000000 16
0.333333 0.333333 0.333333 -0.110285 -0.105874 -0.004411 2.000000 19
0.666667 0.333333 0.000000 -0.075690 -0.072381 -0.003310 2.000000 21
0.333333 0.666667 -0.000000 -0.069352 -0.067053 -0.002298 1.000000 22
0.000000 0.333333 0.666667 -0.124060 -0.122238 -0.001822 2.000000 24
0.666667 0.000000 0.333333 -0.005218 -0.008081 0.002863 2.000000 25
0.333333 0.333333 0.333333 -0.074384 -0.072531 -0.001853 1.000000 26
0.250000 0.000000 0.750000 -0.008690 -0.005103 -0.003587 2.000000 30
0.000000 0.250000 0.750000 -0.045158 -0.041468 -0.003689 1.000000 31
0.250000 0.250000 0.500000 -0.018954 -0.024814 0.005860 1.000000 35
0.750000 0.000000 0.250000 -0.006007 -0.004193 -0.001813 2.000000 36
0.500000 0.250000 0.250000 -0.017608 -0.028926 0.011318 1.000000 37
0.500000 0.250000 0.250000 -0.008484 -0.016089 0.007605 1.000000 38
0.250000 0.500000 0.250000 -0.026582 -0.027480 0.000898 1.000000 39
0.250000 0.500000 0.250000 -0.052753 -0.059472 0.006719 1.000000 40
0.000000 0.750000 0.250000 -0.039483 -0.044685 0.005202 1.000000 41
0.750000 0.250000 0.000000 -0.003330 -0.014168 0.010838 1.000000 42
0.500000 0.500000 -0.000000 -0.020367 -0.013325 -0.007042 1.000000 43
0.250000 0.750000 -0.000000 -0.037608 -0.018295 -0.019313 1.000000 44
0.250000 0.000000 0.750000 -0.006905 -0.006666 -0.000238 2.000000 45
0.500000 0.000000 0.500000 -0.006829 -0.005508 -0.001321 2.000000 47
0.750000 0.000000 0.250000 -0.001867 0.005944 -0.007812 2.000000 51
0.500000 0.250000 0.250000 -0.017386 -0.056912 0.039526 1.000000 53
0.500000 0.000000 0.500000 -0.005271 -0.009526 0.004254 2.000000 74
0.250000 0.500000 0.250000 -0.142346 -0.141816 -0.000530 2.000000 82
0.000000 0.750000 0.250000 -0.110785 -0.105722 -0.005063 1.000000 83
0.500000 0.500000 -0.000000 -0.082373 -0.086940 0.004567 2.000000 85
0.500000 0.000000 0.500000 -0.007700 -0.013189 0.005489 2.000000 89
0.000000 0.750000 0.250000 -0.144767 -0.146062 0.001295 2.000000 123
0.000000 0.400000 0.600000 -0.126873 -0.126506 -0.000367 2.000000 223
