3.590000 0.000000 0.000000
0.000000 3.590000 0.000000
0.000000 0.000000 3.590000
0.500000 -0.000000 0.500000
0.500000 0.500000 0.000000
0.000000 0.500000 0.500000
1.000000 1.000000 1.000000 Cr
end

3.590000 0.000000 0.000000
0.000000 3.590000 0.000000
0.000000 0.000000 3.590000
-0.500000 0.500000 -1.000000
-1.000000 -0.500000 -0.500000
0.500000 0.500000 1.000000
-1.000000 0.500000 -0.500000 Cr
-0.500000 0.500000 -0.000000 Cr
-0.000000 0.500000 0.500000 Co
end

3.590000 0.000000 0.000000
0.000000 3.590000 0.000000
0.000000 0.000000 3.590000
-1.000000 0.000000 0.000000
0.000000 -0.000000 1.000000
-0.000000 1.000000 0.000000
-0.500000 1.000000 0.500000 Cr
-0.500000 0.500000 1.000000 Cr
-1.000000 1.000000 1.000000 Cr
-1.000000 0.500000 0.500000 Ni
end

3.590000 0.000000 0.000000
0.000000 3.590000 0.000000
0.000000 0.000000 3.590000
-1.000000 -0.500000 0.500000
-1.000000 0.500000 -0.500000
1.000000 -0.500000 -0.500000
-1.000000 -0.500000 -0.500000 Cr
-0.500000 -0.000000 -0.500000 Cr
-0.500000 -0.500000 -0.000000 Co
0.000000 -0.500000 -0.500000 Co
end

3.590000 0.000000 0.000000
0.000000 3.590000 0.000000
0.000000 0.000000 3.590000
-1.000000 -0.500000 0.500000
-1.000000 0.500000 -0.500000
1.000000 -0.500000 -0.500000
-1.000000 -0.500000 -0.500000 Co
-0.500000 -0.000000 -0.500000 Cr
-0.500000 -0.500000 -0.000000 Cr
0.000000 -0.500000 -0.500000 Ni
end

3.590000 0.000000 0.000000
0.000000 3.590000 0.000000
0.000000 0.000000 3.590000
0.000000 -0.500000 -1.500000
0.000000 0.500000 -1.500000
0.500000 -0.000000 1.500000
0.500000 0.000000 -0.500000 Cr
0.500000 0.000000 -1.500000 Ni
0.500000 0.000000 0.500000 Ni
end

3.590000 0.000000 0.000000
0.000000 3.590000 0.000000
0.000000 0.000000 3.590000
-0.500000 0.500000 -1.000000
-1.000000 -0.500000 -0.500000
0.500000 0.500000 1.000000
-1.000000 0.500000 -0.500000 Cr
-0.500000 0.500000 -0.000000 Co
-0.000000 0.500000 0.500000 Ni
end

3.590000 0.000000 0.000000
0.000000 3.590000 0.000000
0.000000 0.000000 3.590000
0.500000 -0.000000 0.500000
0.500000 0.500000 0.000000
0.000000 0.500000 0.500000
1.000000 1.000000 1.000000 Co
end

3.590000 0.000000 0.000000
0.000000 3.590000 0.000000
0.000000 0.000000 3.590000
-0.500000 0.500000 -1.000000
-1.000000 -0.500000 -0.500000
0.500000 0.500000 1.000000
-1.000000 0.500000 -0.500000 Cr
-0.500000 0.500000 -0.000000 Co
-0.000000 0.500000 0.500000 Co
end

3.590000 0.000000 0.000000
0.000000 3.590000 0.000000
0.000000 0.000000 3.590000
-0.500000 0.500000 -1.000000
-1.000000 -0.500000 -0.500000
0.500000 0.500000 1.000000
-1.000000 0.500000 -0.500000 Co
-0.500000 0.500000 -0.000000 Ni
-0.000000 0.500000 0.500000 Ni
end

3.590000 0.000000 0.000000
0.000000 3.590000 0.000000
0.000000 0.000000 3.590000
0.500000 -0.000000 0.500000
0.500000 0.500000 0.000000
0.000000 0.500000 0.500000
1.000000 1.000000 1.000000 Ni
end

