0.500000 0.000000 0.500000 0.012153 3 e
0.000000 0.500000 0.500000 -0.067595 4 e
0.000000 0.500000 0.500000 -0.191785 7 eg
0.500000 0.500000 -0.000000 -0.029473 8 e
0.333333 -0.000000 0.666667 -0.005641 9 e
0.000000 0.666667 0.333333 -0.056272 13 e
0.333333 0.666667 -0.000000 -0.021086 15 e
0.000000 0.333333 0.666667 -0.086229 17 e
0.666667 0.000000 0.333333 0.000121 18 e
0.000000 0.666667 0.333333 -0.086958 20 e
0.333333 -0.000000 0.666667 -0.008687 23 e
0.000000 0.666667 0.333333 -0.124383 27 e
0.666667 0.333333 0.000000 -0.017021 28 e
0.333333 0.666667 -0.000000 -0.019772 29 e
0.500000 0.000000 0.500000 -0.014083 32 eg
0.250000 0.250000 0.500000 -0.038213 33 e
0.000000 0.500000 0.500000 -0.049002 34 e
0.000000 0.250000 0.750000 -0.070641 46 e
0.250000 0.250000 0.500000 -0.077815 48 e
0.000000 0.500000 0.500000 -0.106287 49 e
0.250000 0.250000 0.500000 -0.061542 50 e
0.500000 0.250000 0.250000 -0.058298 52 e
0.250000 0.500000 0.250000 -0.089536 54 e
0.250000 0.500000 0.250000 -0.067119 ? u
0.000000 0.750000 0.250000 -0.072797 ? u
0.750000 0.250000 0.000000 -0.038678 ? u
0.500000 0.500000 -0.000000 -0.056284 ? u
0.250000 0.750000 -0.000000 -0.036746 ? u
0.250000 0.000000 0.750000 0.002328 ? u
0.000000 0.250000 0.750000 -0.082343 ? u
0.250000 0.250000 0.500000 -0.048888 ? u
0.750000 0.000000 0.250000 0.014939 ? u
0.500000 0.250000 0.250000 -0.004687 ? u
0.250000 0.250000 0.500000 -0.112158 ? ug
0.500000 0.250000 0.250000 -0.068613 ? u
0.250000 0.500000 0.250000 -0.058124 ? u
0.250000 0.500000 0.250000 -0.119044 68 e
0.000000 0.750000 0.250000 -0.084499 ? u
0.750000 0.250000 0.000000 -0.026024 ? u
0.250000 0.750000 -0.000000 -0.024092 ? u
0.250000 0.000000 0.750000 -0.014361 ? ug
0.000000 0.250000 0.750000 -0.104628 ? ug
0.250000 0.250000 0.500000 -0.096729 ? ug
0.000000 0.500000 0.500000 -0.111104 76 e
0.750000 0.000000 0.250000 0.009950 ? u
0.500000 0.250000 0.250000 -0.038622 ? u
0.250000 0.250000 0.500000 -0.154635 ? ug
0.500000 0.250000 0.250000 -0.118863 ? ug
0.250000 0.500000 0.250000 -0.119042 ? u
0.750000 0.250000 0.000000 -0.056283 ? ug
0.250000 0.750000 -0.000000 -0.048292 86 e
0.250000 0.000000 0.750000 -0.010343 ? u
0.000000 0.250000 0.750000 -0.085603 ? u
0.250000 0.250000 0.500000 -0.064819 ? u
0.000000 0.500000 0.500000 -0.074115 ? u
0.250000 0.250000 0.500000 -0.122355 ? ug
0.750000 0.000000 0.250000 0.002268 ? u
0.500000 0.250000 0.250000 -0.091482 ? ug
0.500000 0.250000 0.250000 -0.007947 ? u
0.250000 0.500000 0.250000 -0.071581 ? u
0.250000 0.500000 0.250000 -0.131715 ? u
0.000000 0.750000 0.250000 -0.087759 ? u
0.750000 0.250000 0.000000 -0.036221 ? u
0.500000 0.500000 -0.000000 -0.052875 ? u
0.250000 0.750000 -0.000000 -0.034289 ? u
0.250000 0.000000 0.750000 -0.007388 ? u
0.000000 0.250000 0.750000 -0.092551 ? u
0.250000 0.250000 0.500000 -0.087099 ? u
0.500000 0.000000 0.500000 -0.018981 ? ug
0.250000 0.250000 0.500000 -0.059946 ? u
0.750000 0.000000 0.250000 -0.006478 ? u
0.500000 0.250000 0.250000 -0.062189 ? u
0.250000 0.500000 0.250000 -0.122676 ? u
0.000000 0.500000 0.500000 -0.089073 ? u
0.500000 0.250000 0.250000 -0.003246 ? u
0.250000 0.500000 0.250000 -0.047119 ? u
0.000000 0.750000 0.250000 -0.095768 ? u
0.750000 0.250000 0.000000 -0.013183 ? u
0.500000 0.500000 -0.000000 -0.012858 ? u
0.250000 0.750000 -0.000000 -0.017310 ? u
0.250000 0.000000 0.750000 -0.003194 ? u
0.000000 0.250000 0.750000 -0.144968 ? ug
0.250000 0.250000 0.500000 -0.125902 ? ug
0.750000 0.000000 0.250000 0.021117 ? u
0.500000 0.250000 0.250000 -0.078962 ? u
0.250000 0.500000 0.250000 -0.130649 ? u
0.750000 0.250000 0.000000 -0.027550 ? u
0.250000 0.750000 -0.000000 -0.019559 ? u
0.200000 0.000000 0.800000 -0.004781 ? u
0.000000 0.200000 0.800000 -0.033873 ? u
0.400000 0.000000 0.600000 0.001476 ? u
0.200000 0.200000 0.600000 -0.027856 ? u
0.000000 0.400000 0.600000 -0.059515 ? u
0.400000 0.000000 0.600000 -0.011964 ? u
0.200000 0.200000 0.600000 -0.031269 ? u
0.600000 0.000000 0.400000 0.001840 ? u
0.400000 0.200000 0.400000 -0.017705 ? u
0.400000 0.200000 0.400000 -0.027733 ? u
0.200000 0.400000 0.400000 -0.049604 ? u
0.000000 0.400000 0.600000 -0.039900 ? u
0.200000 0.400000 0.400000 -0.026577 ? u
0.000000 0.600000 0.400000 -0.060801 ? u
0.600000 0.000000 0.400000 -0.011600 ? ug
0.400000 0.200000 0.400000 -0.031145 ? u
0.200000 0.400000 0.400000 -0.053016 ? u
0.400000 0.200000 0.400000 -0.021117 ? u
0.800000 0.000000 0.200000 -0.003689 ? u
0.600000 0.200000 0.200000 -0.013446 ? u
0.600000 0.200000 0.200000 -0.023475 ? u
0.400000 0.400000 0.200000 -0.035558 ? u
0.200000 0.400000 0.400000 -0.029989 ? u
0.400000 0.400000 0.200000 -0.022559 ? u
0.400000 0.400000 0.200000 -0.045586 ? u
0.200000 0.600000 0.200000 -0.046996 ? u
0.000000 0.600000 0.400000 -0.041186 ? u
0.400000 0.400000 0.200000 -0.012530 ? u
0.200000 0.600000 0.200000 -0.023969 ? u
0.000000 0.800000 0.200000 -0.037733 ? u
0.800000 0.200000 -0.000000 -0.011669 ? u
0.600000 0.400000 -0.000000 -0.023993 ? u
0.600000 0.400000 -0.000000 -0.010994 ? u
0.400000 0.600000 -0.000000 -0.025643 ? u
0.400000 0.600000 -0.000000 -0.012645 ? u
0.200000 0.800000 -0.000000 -0.016621 ? u
0.200000 0.000000 0.800000 -0.010975 ? u
0.000000 0.200000 0.800000 -0.056846 ? u
0.400000 0.000000 0.600000 -0.009975 ? u
0.200000 0.200000 0.600000 -0.073469 ? u
0.000000 0.400000 0.600000 -0.089074 ? u
0.400000 0.000000 0.600000 -0.009735 ? u
0.200000 0.200000 0.600000 -0.051971 ? u
0.600000 0.000000 0.400000 -0.009611 ? u
0.400000 0.200000 0.400000 -0.055244 ? u
0.400000 0.200000 0.400000 -0.076502 ? ug
0.200000 0.400000 0.400000 -0.084019 ? u
0.000000 0.400000 0.600000 -0.078410 ? u
0.200000 0.400000 0.400000 -0.094853 ? u
0.000000 0.600000 0.400000 -0.090361 ? u
0.600000 0.000000 0.400000 -0.000010 ? u
0.400000 0.200000 0.400000 -0.059870 ? u
0.200000 0.400000 0.400000 -0.071841 ? u
0.400000 0.200000 0.400000 -0.038612 ? u
0.800000 0.000000 0.200000 -0.000522 ? u
0.600000 0.200000 0.200000 -0.042521 ? u
0.600000 0.200000 0.200000 -0.049551 ? u
0.400000 0.400000 0.200000 -0.053435 ? u
0.200000 0.400000 0.400000 -0.082675 ? u
0.400000 0.400000 0.200000 -0.085527 ? u
0.400000 0.400000 0.200000 -0.070240 ? u
0.200000 0.600000 0.200000 -0.072947 ? u
0.000000 0.600000 0.400000 -0.078848 ? u
0.400000 0.400000 0.200000 -0.068722 ? u
0.200000 0.600000 0.200000 -0.073613 ? u
0.000000 0.800000 0.200000 -0.059857 ? u
0.800000 0.200000 -0.000000 -0.032838 ? u
0.600000 0.400000 -0.000000 -0.035665 ? u
0.600000 0.400000 -0.000000 -0.057982 ? u
0.400000 0.600000 -0.000000 -0.037316 ? u
0.400000 0.600000 -0.000000 -0.054786 ? u
0.200000 0.800000 -0.000000 -0.032943 ? u
0.200000 0.000000 0.800000 -0.016617 ? ug
0.000000 0.200000 0.800000 -0.070121 199 e
0.400000 0.000000 0.600000 -0.013638 ? u
0.200000 0.200000 0.600000 -0.087495 ? ug
0.000000 0.400000 0.600000 -0.103230 ? u
0.600000 0.000000 0.400000 -0.003914 ? u
0.400000 0.200000 0.400000 -0.083897 ? ug
0.400000 0.200000 0.400000 -0.083897 ? ug
0.200000 0.400000 0.400000 -0.115533 ? u
0.200000 0.400000 0.400000 -0.115533 ? u
0.000000 0.600000 0.400000 -0.103667 ? u
0.800000 0.000000 0.200000 0.003196 ? u
0.600000 0.200000 0.200000 -0.068687 ? ug
0.400000 0.400000 0.200000 -0.101996 ? u
0.400000 0.400000 0.200000 -0.101996 ? u
0.200000 0.600000 0.200000 -0.101579 ? u
0.000000 0.800000 0.200000 -0.072283 ? u
0.800000 0.200000 -0.000000 -0.051225 ? ug
0.600000 0.400000 -0.000000 -0.071980 ? u
0.400000 0.600000 -0.000000 -0.068784 ? u
0.200000 0.800000 -0.000000 -0.046483 ? ug
0.200000 0.000000 0.800000 -0.011400 ? u
0.000000 0.200000 0.800000 -0.067235 ? u
0.400000 0.000000 0.600000 -0.006956 ? u
0.200000 0.200000 0.600000 -0.073654 ? u
0.400000 0.000000 0.600000 -0.014030 ? u
0.200000 0.200000 0.600000 -0.067414 ? u
0.600000 0.000000 0.400000 0.002768 ? u
0.400000 0.200000 0.400000 -0.061479 ? u
0.400000 0.200000 0.400000 -0.074791 ? u
0.200000 0.400000 0.400000 -0.125194 ? u
0.000000 0.400000 0.600000 -0.072147 ? u
0.200000 0.400000 0.400000 -0.077074 ? u
0.000000 0.600000 0.400000 -0.126944 ? u
0.600000 0.000000 0.400000 -0.013666 ? ug
0.400000 0.200000 0.400000 -0.063685 ? u
0.200000 0.400000 0.400000 -0.109635 ? u
0.400000 0.200000 0.400000 -0.050373 ? u
0.800000 0.000000 0.200000 -0.000948 ? u
0.600000 0.200000 0.200000 -0.034290 ? u
0.600000 0.200000 0.200000 -0.061830 ? u
0.400000 0.400000 0.200000 -0.091102 ? u
0.200000 0.400000 0.400000 -0.061515 ? u
0.400000 0.400000 0.200000 -0.056294 ? u
0.400000 0.400000 0.200000 -0.108867 ? u
0.200000 0.600000 0.200000 -0.099261 ? u
0.000000 0.600000 0.400000 -0.073434 ? u
0.400000 0.400000 0.200000 -0.038529 ? u
0.200000 0.600000 0.200000 -0.061310 ? u
0.000000 0.800000 0.200000 -0.070246 ? u
0.800000 0.200000 -0.000000 -0.031648 ? u
0.600000 0.400000 -0.000000 -0.057555 ? u
0.600000 0.400000 -0.000000 -0.032522 ? u
0.400000 0.600000 -0.000000 -0.054358 ? u
0.400000 0.600000 -0.000000 -0.034173 ? u
0.200000 0.800000 -0.000000 -0.031753 ? u
0.200000 0.000000 0.800000 -0.006609 ? u
0.000000 0.200000 0.800000 -0.074739 ? u
0.400000 0.000000 0.600000 -0.000089 ? u
0.200000 0.200000 0.600000 -0.074117 ? u
0.000000 0.400000 0.600000 -0.150057 ? ug
0.400000 0.000000 0.600000 -0.015883 ? ug
0.200000 0.200000 0.600000 -0.048655 ? u
0.600000 0.000000 0.400000 0.000275 ? u
0.400000 0.200000 0.400000 -0.038395 ? u
0.400000 0.200000 0.400000 -0.079652 ? ug
0.200000 0.400000 0.400000 -0.120233 ? u
0.000000 0.400000 0.600000 -0.071957 ? u
0.200000 0.400000 0.400000 -0.067595 ? u
0.000000 0.600000 0.400000 -0.151344 ? ug
0.600000 0.000000 0.400000 -0.015519 ? ug
0.400000 0.200000 0.400000 -0.054189 ? u
0.200000 0.400000 0.400000 -0.094770 ? u
0.400000 0.200000 0.400000 -0.012933 ? u
0.800000 0.000000 0.200000 -0.005517 ? u
0.600000 0.200000 0.200000 -0.008829 ? u
0.600000 0.200000 0.200000 -0.050085 ? u
0.400000 0.400000 0.200000 -0.055308 ? u
0.200000 0.400000 0.400000 -0.042133 ? u
0.400000 0.400000 0.200000 -0.043927 ? u
0.400000 0.400000 0.200000 -0.096564 ? u
0.200000 0.600000 0.200000 -0.092317 ? u
0.000000 0.600000 0.400000 -0.073244 ? u
0.400000 0.400000 0.200000 -0.002671 ? u
0.200000 0.600000 0.200000 -0.039680 ? u
0.000000 0.800000 0.200000 -0.078599 ? u
0.800000 0.200000 -0.000000 -0.010881 ? u
0.600000 0.400000 -0.000000 -0.022002 ? u
0.600000 0.400000 -0.000000 -0.010621 ? u
0.400000 0.600000 -0.000000 -0.023653 ? u
0.400000 0.600000 -0.000000 -0.012272 ? u
0.200000 0.800000 -0.000000 -0.015833 ? u
